<?xml version="1.0" encoding="UTF-8"?>
<testsuite name="org.hyperledger.fabric.samples.assettransfer.AssetTransferTest$InactivateAllAssetsTransaction" tests="1" skipped="0" failures="0" errors="0" timestamp="2022-02-11T06:06:04" hostname="Nevins-PC" time="0.004">
  <properties/>
  <testcase name="whenAssetDoesNotExist()" classname="org.hyperledger.fabric.samples.assettransfer.AssetTransferTest$InactivateAllAssetsTransaction" time="0.004"/>
  <system-out><![CDATA[]]></system-out>
  <system-err><![CDATA[]]></system-err>
</testsuite>
